This file contains any messages produced by compilers while
running configure, to aid debugging if configure makes a mistake.

It was created by configure, which was
generated by GNU Autoconf 2.59.  Invocation command line was

  $ /home/noah/cs161/cs161-gdb-1.5/gdb-6.6+cs161/sim/configure --cache-file=./config.cache --build=x86_64-unknown-linux-gnu --host=x86_64-unknown-linux-gnu --target=mips-elf --with-stabs --prefix=/home/noah/cs161/tools --program-transform-name=s,^,mips-elf-,;  --srcdir=/home/noah/cs161/cs161-gdb-1.5/./gdb-6.6+cs161/sim

## --------- ##
## Platform. ##
## --------- ##

hostname = Kubutnu-Desktop
uname -m = x86_64
uname -r = 4.15.0-34-generic
uname -s = Linux
uname -v = #37-Ubuntu SMP Mon Aug 27 15:21:48 UTC 2018

/usr/bin/uname -p = unknown
/bin/uname -X     = unknown

/bin/arch              = unknown
/usr/bin/arch -k       = unknown
/usr/convex/getsysinfo = unknown
hostinfo               = unknown
/bin/machine           = unknown
/usr/bin/oslevel       = unknown
/bin/universe          = unknown

PATH: /home/noah/cs161/bin
PATH: /usr/local/sbin
PATH: /usr/local/bin
PATH: /usr/sbin
PATH: /usr/bin
PATH: /sbin
PATH: /bin
PATH: /usr/games
PATH: /usr/local/games
PATH: /snap/bin
PATH: /home/noah/cs161/tools/bin


## ----------- ##
## Core tests. ##
## ----------- ##

configure:1200: creating cache ./config.cache
configure:1289: checking for x86_64-unknown-linux-gnu-gcc
configure:1315: result: gcc -fgnu89-inline
configure:1597: checking for C compiler version
configure:1600: gcc -fgnu89-inline --version </dev/null >&5
gcc (Ubuntu 7.3.0-16ubuntu3) 7.3.0
Copyright (C) 2017 Free Software Foundation, Inc.
This is free software; see the source for copying conditions.  There is NO
warranty; not even for MERCHANTABILITY or FITNESS FOR A PARTICULAR PURPOSE.

configure:1603: $? = 0
configure:1605: gcc -fgnu89-inline -v </dev/null >&5
Using built-in specs.
COLLECT_GCC=gcc
COLLECT_LTO_WRAPPER=/usr/lib/gcc/x86_64-linux-gnu/7/lto-wrapper
OFFLOAD_TARGET_NAMES=nvptx-none
OFFLOAD_TARGET_DEFAULT=1
Target: x86_64-linux-gnu
Configured with: ../src/configure -v --with-pkgversion='Ubuntu 7.3.0-16ubuntu3' --with-bugurl=file:///usr/share/doc/gcc-7/README.Bugs --enable-languages=c,ada,c++,go,brig,d,fortran,objc,obj-c++ --prefix=/usr --with-gcc-major-version-only --with-as=/usr/bin/x86_64-linux-gnu-as --with-ld=/usr/bin/x86_64-linux-gnu-ld --program-suffix=-7 --program-prefix=x86_64-linux-gnu- --enable-shared --enable-linker-build-id --libexecdir=/usr/lib --without-included-gettext --enable-threads=posix --libdir=/usr/lib --enable-nls --with-sysroot=/ --enable-clocale=gnu --enable-libstdcxx-debug --enable-libstdcxx-time=yes --with-default-libstdcxx-abi=new --enable-gnu-unique-object --disable-vtable-verify --enable-libmpx --enable-plugin --enable-default-pie --with-system-zlib --with-target-system-zlib --enable-objc-gc=auto --enable-multiarch --disable-werror --with-arch-32=i686 --with-abi=m64 --with-multilib-list=m32,m64,mx32 --enable-multilib --with-tune=generic --enable-offload-targets=nvptx-none --without-cuda-driver --enable-checking=release --build=x86_64-linux-gnu --host=x86_64-linux-gnu --target=x86_64-linux-gnu
Thread model: posix
gcc version 7.3.0 (Ubuntu 7.3.0-16ubuntu3) 
configure:1608: $? = 0
configure:1610: gcc -fgnu89-inline -V </dev/null >&5
gcc: error: unrecognized command line option '-V'
gcc: fatal error: no input files
compilation terminated.
configure:1613: $? = 1
configure:1636: checking for C compiler default output file name
configure:1639: gcc -fgnu89-inline -g -O2 -Wno-error   conftest.c  >&5
configure:1642: $? = 0
configure:1688: result: a.out
configure:1693: checking whether the C compiler works
configure:1699: ./a.out
configure:1702: $? = 0
configure:1719: result: yes
configure:1726: checking whether we are cross compiling
configure:1728: result: no
configure:1731: checking for suffix of executables
configure:1733: gcc -fgnu89-inline -o conftest -g -O2 -Wno-error   conftest.c  >&5
configure:1736: $? = 0
configure:1761: result: 
configure:1767: checking for suffix of object files
configure:1788: gcc -fgnu89-inline -c -g -O2 -Wno-error  conftest.c >&5
configure:1791: $? = 0
configure:1813: result: o
configure:1817: checking whether we are using the GNU C compiler
configure:1841: gcc -fgnu89-inline -c -g -O2 -Wno-error  conftest.c >&5
configure:1847: $? = 0
configure:1851: test -z 
			 || test ! -s conftest.err
configure:1854: $? = 0
configure:1857: test -s conftest.o
configure:1860: $? = 0
configure:1873: result: yes
configure:1879: checking whether gcc -fgnu89-inline accepts -g
configure:1900: gcc -fgnu89-inline -c -g  conftest.c >&5
configure:1906: $? = 0
configure:1910: test -z 
			 || test ! -s conftest.err
configure:1913: $? = 0
configure:1916: test -s conftest.o
configure:1919: $? = 0
configure:1930: result: yes
configure:1947: checking for gcc -fgnu89-inline option to accept ANSI C
configure:2017: gcc -fgnu89-inline  -c -g -O2 -Wno-error  conftest.c >&5
configure:2023: $? = 0
configure:2027: test -z 
			 || test ! -s conftest.err
configure:2030: $? = 0
configure:2033: test -s conftest.o
configure:2036: $? = 0
configure:2054: result: none needed
configure:2072: gcc -fgnu89-inline -c -g -O2 -Wno-error  conftest.c >&5
conftest.c:2:3: error: unknown type name 'choke'
   choke me
   ^~~~~
conftest.c:2:3: error: expected '=', ',', ';', 'asm' or '__attribute__' at end of input
configure:2078: $? = 1
configure: failed program was:
| #ifndef __cplusplus
|   choke me
| #endif
configure:2249: checking for a BSD-compatible install
configure:2304: result: /usr/bin/install -c
configure:2318: checking for x86_64-unknown-linux-gnu-ar
configure:2344: result: ar
configure:2397: checking for x86_64-unknown-linux-gnu-ranlib
configure:2423: result: ranlib
configure:2481: checking build system type
configure:2499: result: x86_64-unknown-linux-gnu
configure:2507: checking host system type
configure:2521: result: x86_64-unknown-linux-gnu
configure:2529: checking target system type
configure:2543: result: mips-unknown-elf
configure:2578: checking for x86_64-unknown-linux-gnu-gcc
configure:2604: result: gcc -fgnu89-inline
configure:2886: checking for C compiler version
configure:2889: gcc -fgnu89-inline --version </dev/null >&5
gcc (Ubuntu 7.3.0-16ubuntu3) 7.3.0
Copyright (C) 2017 Free Software Foundation, Inc.
This is free software; see the source for copying conditions.  There is NO
warranty; not even for MERCHANTABILITY or FITNESS FOR A PARTICULAR PURPOSE.

configure:2892: $? = 0
configure:2894: gcc -fgnu89-inline -v </dev/null >&5
Using built-in specs.
COLLECT_GCC=gcc
COLLECT_LTO_WRAPPER=/usr/lib/gcc/x86_64-linux-gnu/7/lto-wrapper
OFFLOAD_TARGET_NAMES=nvptx-none
OFFLOAD_TARGET_DEFAULT=1
Target: x86_64-linux-gnu
Configured with: ../src/configure -v --with-pkgversion='Ubuntu 7.3.0-16ubuntu3' --with-bugurl=file:///usr/share/doc/gcc-7/README.Bugs --enable-languages=c,ada,c++,go,brig,d,fortran,objc,obj-c++ --prefix=/usr --with-gcc-major-version-only --with-as=/usr/bin/x86_64-linux-gnu-as --with-ld=/usr/bin/x86_64-linux-gnu-ld --program-suffix=-7 --program-prefix=x86_64-linux-gnu- --enable-shared --enable-linker-build-id --libexecdir=/usr/lib --without-included-gettext --enable-threads=posix --libdir=/usr/lib --enable-nls --with-sysroot=/ --enable-clocale=gnu --enable-libstdcxx-debug --enable-libstdcxx-time=yes --with-default-libstdcxx-abi=new --enable-gnu-unique-object --disable-vtable-verify --enable-libmpx --enable-plugin --enable-default-pie --with-system-zlib --with-target-system-zlib --enable-objc-gc=auto --enable-multiarch --disable-werror --with-arch-32=i686 --with-abi=m64 --with-multilib-list=m32,m64,mx32 --enable-multilib --with-tune=generic --enable-offload-targets=nvptx-none --without-cuda-driver --enable-checking=release --build=x86_64-linux-gnu --host=x86_64-linux-gnu --target=x86_64-linux-gnu
Thread model: posix
gcc version 7.3.0 (Ubuntu 7.3.0-16ubuntu3) 
configure:2897: $? = 0
configure:2899: gcc -fgnu89-inline -V </dev/null >&5
gcc: error: unrecognized command line option '-V'
gcc: fatal error: no input files
compilation terminated.
configure:2902: $? = 1
configure:2905: checking whether we are using the GNU C compiler
configure:2961: result: yes
configure:2967: checking whether gcc -fgnu89-inline accepts -g
configure:3018: result: yes
configure:3035: checking for gcc -fgnu89-inline option to accept ANSI C
configure:3142: result: none needed
configure:3160: gcc -fgnu89-inline -c -g -O2 -Wno-error  conftest.c >&5
conftest.c:2:3: error: unknown type name 'choke'
   choke me
   ^~~~~
conftest.c:2:3: error: expected '=', ',', ';', 'asm' or '__attribute__' at end of input
configure:3166: $? = 1
configure: failed program was:
| #ifndef __cplusplus
|   choke me
| #endif
configure:3306: checking for x86_64-unknown-linux-gnu-ranlib
configure:3332: result: ranlib
configure:3700: creating ./config.status

## ---------------------- ##
## Running config.status. ##
## ---------------------- ##

This file was extended by config.status, which was
generated by GNU Autoconf 2.59.  Invocation command line was

  CONFIG_FILES    = 
  CONFIG_HEADERS  = 
  CONFIG_LINKS    = 
  CONFIG_COMMANDS = 
  $ ./config.status 

on Kubutnu-Desktop

config.status:4408: creating Makefile
configure:4555: configuring in mips
configure:4672: running /bin/sh '/home/noah/cs161/cs161-gdb-1.5/./gdb-6.6+cs161/sim/mips/configure' --prefix=/home/noah/cs161/tools  '--cache-file=./config.cache' '--build=x86_64-unknown-linux-gnu' '--host=x86_64-unknown-linux-gnu' '--target=mips-elf' '--with-stabs' '--prefix=/home/noah/cs161/tools' '--program-transform-name=s,^,mips-elf-,; ' '--srcdir=/home/noah/cs161/cs161-gdb-1.5/./gdb-6.6+cs161/sim' 'CC=gcc -fgnu89-inline' 'CFLAGS=-g -O2 -Wno-error' 'LDFLAGS=' 'build_alias=x86_64-unknown-linux-gnu' 'host_alias=x86_64-unknown-linux-gnu' 'target_alias=mips-elf' --cache-file=.././config.cache --srcdir=/home/noah/cs161/cs161-gdb-1.5/./gdb-6.6+cs161/sim/mips
configure:4555: configuring in testsuite
configure:4672: running /bin/sh '/home/noah/cs161/cs161-gdb-1.5/./gdb-6.6+cs161/sim/testsuite/configure' --prefix=/home/noah/cs161/tools  '--cache-file=./config.cache' '--build=x86_64-unknown-linux-gnu' '--host=x86_64-unknown-linux-gnu' '--target=mips-elf' '--with-stabs' '--prefix=/home/noah/cs161/tools' '--program-transform-name=s,^,mips-elf-,; ' '--srcdir=/home/noah/cs161/cs161-gdb-1.5/./gdb-6.6+cs161/sim' 'CC=gcc -fgnu89-inline' 'CFLAGS=-g -O2 -Wno-error' 'LDFLAGS=' 'build_alias=x86_64-unknown-linux-gnu' 'host_alias=x86_64-unknown-linux-gnu' 'target_alias=mips-elf' --cache-file=.././config.cache --srcdir=/home/noah/cs161/cs161-gdb-1.5/./gdb-6.6+cs161/sim/testsuite
configure:4555: configuring in common
configure:4672: running /bin/sh '/home/noah/cs161/cs161-gdb-1.5/./gdb-6.6+cs161/sim/common/configure' --prefix=/home/noah/cs161/tools  '--cache-file=./config.cache' '--build=x86_64-unknown-linux-gnu' '--host=x86_64-unknown-linux-gnu' '--target=mips-elf' '--with-stabs' '--prefix=/home/noah/cs161/tools' '--program-transform-name=s,^,mips-elf-,; ' '--srcdir=/home/noah/cs161/cs161-gdb-1.5/./gdb-6.6+cs161/sim' 'CC=gcc -fgnu89-inline' 'CFLAGS=-g -O2 -Wno-error' 'LDFLAGS=' 'build_alias=x86_64-unknown-linux-gnu' 'host_alias=x86_64-unknown-linux-gnu' 'target_alias=mips-elf' --cache-file=.././config.cache --srcdir=/home/noah/cs161/cs161-gdb-1.5/./gdb-6.6+cs161/sim/common
configure:4555: configuring in igen
configure:4672: running /bin/sh '/home/noah/cs161/cs161-gdb-1.5/./gdb-6.6+cs161/sim/igen/configure' --prefix=/home/noah/cs161/tools  '--cache-file=./config.cache' '--build=x86_64-unknown-linux-gnu' '--host=x86_64-unknown-linux-gnu' '--target=mips-elf' '--with-stabs' '--prefix=/home/noah/cs161/tools' '--program-transform-name=s,^,mips-elf-,; ' '--srcdir=/home/noah/cs161/cs161-gdb-1.5/./gdb-6.6+cs161/sim' 'CC=gcc -fgnu89-inline' 'CFLAGS=-g -O2 -Wno-error' 'LDFLAGS=' 'build_alias=x86_64-unknown-linux-gnu' 'host_alias=x86_64-unknown-linux-gnu' 'target_alias=mips-elf' --cache-file=.././config.cache --srcdir=/home/noah/cs161/cs161-gdb-1.5/./gdb-6.6+cs161/sim/igen

## ---------------- ##
## Cache variables. ##
## ---------------- ##

ac_cv_build='x86_64-unknown-linux-gnu'
ac_cv_build_alias='x86_64-unknown-linux-gnu'
ac_cv_c_compiler_gnu='yes'
ac_cv_env_CC_set='set'
ac_cv_env_CC_value='gcc -fgnu89-inline'
ac_cv_env_CFLAGS_set='set'
ac_cv_env_CFLAGS_value='-g -O2 -Wno-error'
ac_cv_env_CPPFLAGS_set=''
ac_cv_env_CPPFLAGS_value=''
ac_cv_env_LDFLAGS_set='set'
ac_cv_env_LDFLAGS_value=''
ac_cv_env_build_alias_set='set'
ac_cv_env_build_alias_value='x86_64-unknown-linux-gnu'
ac_cv_env_host_alias_set='set'
ac_cv_env_host_alias_value='x86_64-unknown-linux-gnu'
ac_cv_env_target_alias_set='set'
ac_cv_env_target_alias_value='mips-elf'
ac_cv_exeext=''
ac_cv_host='x86_64-unknown-linux-gnu'
ac_cv_host_alias='x86_64-unknown-linux-gnu'
ac_cv_objext='o'
ac_cv_prog_AR='ar'
ac_cv_prog_CC='gcc -fgnu89-inline'
ac_cv_prog_RANLIB='ranlib'
ac_cv_prog_cc_g='yes'
ac_cv_prog_cc_stdc=''
ac_cv_target='mips-unknown-elf'
ac_cv_target_alias='mips-elf'

## ----------------- ##
## Output variables. ##
## ----------------- ##

AR='ar'
CC='gcc -fgnu89-inline'
CC_FOR_BUILD='$(CC)'
CFLAGS='-g -O2 -Wno-error'
CFLAGS_FOR_BUILD='-g -O2 -Wno-error'
CPPFLAGS=''
DEFS='-DPACKAGE_NAME=\"\" -DPACKAGE_TARNAME=\"\" -DPACKAGE_VERSION=\"\" -DPACKAGE_STRING=\"\" -DPACKAGE_BUGREPORT=\"\" '
ECHO_C='ECHO_N=''
ECHO_T=''
EXEEXT=''
HDEFINES=''
INSTALL_DATA='/usr/bin/install -c -m 644'
INSTALL_PROGRAM='/usr/bin/install -c'
INSTALL_SCRIPT='/usr/bin/install -c'
LDFLAGS=''
LIBOBJS=''
LIBS=''
LTLIBOBJS=''
OBJEXT='o'
PACKAGE_BUGREPORT=''
PACKAGE_NAME=''
PACKAGE_STRING=''
PACKAGE_TARNAME=''
PACKAGE_VERSION=''
PATH_SEPARATOR=':'
RANLIB='ranlib'
SHELL='/bin/sh'
ac_ct_AR=''
ac_ct_CC=''
ac_ct_RANLIB=''
bindir='${exec_prefix}/bin'
build='x86_64-unknown-linux-gnu'
build_alias='x86_64-unknown-linux-gnu'
build_cpu='x86_64'
build_os='linux-gnu'
build_vendor='unknown'
datadir='${prefix}/share'
exec_prefix='${prefix}'
host='x86_64-unknown-linux-gnu'
host_alias='x86_64-unknown-linux-gnu'
host_cpu='x86_64'
host_os='linux-gnu'
host_vendor='unknown'
includedir='${prefix}/include'
infodir='${prefix}/info'
libdir='${exec_prefix}/lib'
libexecdir='${exec_prefix}/libexec'
localstatedir='${prefix}/var'
mandir='${prefix}/man'
oldincludedir='/usr/include'
prefix='/home/noah/cs161/tools'
program_transform_name='s,^,mips-elf-,;'
sbindir='${exec_prefix}/sbin'
sharedstatedir='${prefix}/com'
subdirs=' mips testsuite common igen'
sysconfdir='${prefix}/etc'
target='mips-unknown-elf'
target_alias='mips-elf'
target_cpu='mips'
target_os='elf'
target_vendor='unknown'

## ----------- ##
## confdefs.h. ##
## ----------- ##

#define PACKAGE_BUGREPORT ""
#define PACKAGE_NAME ""
#define PACKAGE_STRING ""
#define PACKAGE_TARNAME ""
#define PACKAGE_VERSION ""

configure: exit 0
